INCLUDING DEPENDENCY MoveStdlib
INCLUDING DEPENDENCY Sui
BUILDING suichin
[0m[1m[38;5;11mwarning[W10007][0m[1m: issue with attribute value[0m
    [0m[34m┌─[0m ./sources/craft.move:101:18
    [0m[34m│[0m
[0m[34m101[0m [0m[34m│[0m     #[allow(lint([0m[33mpublic_random[0m))]
    [0m[34m│[0m                  [0m[33m^^^^^^^^^^^^^[0m [0m[33mUnknown warning filter 'lint(public_random)'[0m

[0m[1m[38;5;11mwarning[W10007][0m[1m: issue with attribute value[0m
    [0m[34m┌─[0m ./sources/craft.move:171:18
    [0m[34m│[0m
[0m[34m171[0m [0m[34m│[0m     #[allow(lint([0m[33mpublic_random[0m))]
    [0m[34m│[0m                  [0m[33m^^^^^^^^^^^^^[0m [0m[33mUnknown warning filter 'lint(public_random)'[0m

[0m[1m[38;5;11mwarning[W10007][0m[1m: issue with attribute value[0m
    [0m[34m┌─[0m ./sources/craft_actions.move:149:18
    [0m[34m│[0m
[0m[34m149[0m [0m[34m│[0m     #[allow(lint([0m[33mself_transfer[0m))]
    [0m[34m│[0m                  [0m[33m^^^^^^^^^^^^^[0m [0m[33mUnknown warning filter 'lint(self_transfer)'[0m

[0m[1m[38;5;11mwarning[W10007][0m[1m: issue with attribute value[0m
    [0m[34m┌─[0m ./sources/craft_actions.move:232:18
    [0m[34m│[0m
[0m[34m232[0m [0m[34m│[0m     #[allow(lint([0m[33mpublic_random[0m), lint(self_transfer))]
    [0m[34m│[0m                  [0m[33m^^^^^^^^^^^^^[0m [0m[33mUnknown warning filter 'lint(public_random)'[0m

[0m[1m[38;5;11mwarning[W10007][0m[1m: issue with attribute value[0m
    [0m[34m┌─[0m ./sources/craft_actions.move:232:39
    [0m[34m│[0m
[0m[34m232[0m [0m[34m│[0m     #[allow(lint(public_random), lint([0m[33mself_transfer[0m))]
    [0m[34m│[0m                                       [0m[33m^^^^^^^^^^^^^[0m [0m[33mUnknown warning filter 'lint(self_transfer)'[0m

[0m[1m[38;5;11mwarning[W10007][0m[1m: issue with attribute value[0m
    [0m[34m┌─[0m ./sources/craft_actions.move:538:18
    [0m[34m│[0m
[0m[34m538[0m [0m[34m│[0m     #[allow(lint([0m[33mself_transfer[0m))]
    [0m[34m│[0m                  [0m[33m^^^^^^^^^^^^^[0m [0m[33mUnknown warning filter 'lint(self_transfer)'[0m

[0m[1m[38;5;11mwarning[W10007][0m[1m: issue with attribute value[0m
    [0m[34m┌─[0m ./sources/craft_actions.move:582:18
    [0m[34m│[0m
[0m[34m582[0m [0m[34m│[0m     #[allow(lint([0m[33mpublic_random[0m), lint(self_transfer))]
    [0m[34m│[0m                  [0m[33m^^^^^^^^^^^^^[0m [0m[33mUnknown warning filter 'lint(public_random)'[0m

[0m[1m[38;5;11mwarning[W10007][0m[1m: issue with attribute value[0m
    [0m[34m┌─[0m ./sources/craft_actions.move:582:39
    [0m[34m│[0m
[0m[34m582[0m [0m[34m│[0m     #[allow(lint(public_random), lint([0m[33mself_transfer[0m))]
    [0m[34m│[0m                                       [0m[33m^^^^^^^^^^^^^[0m [0m[33mUnknown warning filter 'lint(self_transfer)'[0m

[0m[1m[38;5;11mwarning[W10007][0m[1m: issue with attribute value[0m
    [0m[34m┌─[0m ./sources/craft_treasury.move:229:18
    [0m[34m│[0m
[0m[34m229[0m [0m[34m│[0m     #[allow(lint([0m[33mself_transfer[0m))]
    [0m[34m│[0m                  [0m[33m^^^^^^^^^^^^^[0m [0m[33mUnknown warning filter 'lint(self_transfer)'[0m

[0m[1m[38;5;11mwarning[W10007][0m[1m: issue with attribute value[0m
   [0m[34m┌─[0m ./sources/trade_up.move:75:18
   [0m[34m│[0m
[0m[34m75[0m [0m[34m│[0m     #[allow(lint([0m[33mself_transfer[0m))]
   [0m[34m│[0m                  [0m[33m^^^^^^^^^^^^^[0m [0m[33mUnknown warning filter 'lint(self_transfer)'[0m

[0m[1m[38;5;11mwarning[W10007][0m[1m: issue with attribute value[0m
    [0m[34m┌─[0m ./sources/trade_up.move:119:18
    [0m[34m│[0m
[0m[34m119[0m [0m[34m│[0m     #[allow(lint([0m[33mself_transfer[0m))]
    [0m[34m│[0m                  [0m[33m^^^^^^^^^^^^^[0m [0m[33mUnknown warning filter 'lint(self_transfer)'[0m

[0m[1m[38;5;11mwarning[W10007][0m[1m: issue with attribute value[0m
    [0m[34m┌─[0m ./sources/marketplace.move:105:18
    [0m[34m│[0m
[0m[34m105[0m [0m[34m│[0m     #[allow(lint([0m[33mself_transfer[0m))]
    [0m[34m│[0m                  [0m[33m^^^^^^^^^^^^^[0m [0m[33mUnknown warning filter 'lint(self_transfer)'[0m

[0m[1m[38;5;11mwarning[W10007][0m[1m: issue with attribute value[0m
    [0m[34m┌─[0m ./sources/marketplace.move:145:18
    [0m[34m│[0m
[0m[34m145[0m [0m[34m│[0m     #[allow(lint([0m[33mself_transfer[0m))]
    [0m[34m│[0m                  [0m[33m^^^^^^^^^^^^^[0m [0m[33mUnknown warning filter 'lint(self_transfer)'[0m

{
  "digest": "4hGceodt9dDfYwhLSjL3A9xvsfJctdbXYmfregLaH3Ew",
  "transaction": {
    "data": {
      "messageVersion": "v1",
      "transaction": {
        "kind": "ProgrammableTransaction",
        "inputs": [
          {
            "type": "pure",
            "valueType": "address",
            "value": "0xb7c3fff63ddde0174d510c5a03ffa2085e940536e2ff8806cb3475f4f6fd6027"
          }
        ],
        "transactions": [
          {
            "Publish": [
              "0x0000000000000000000000000000000000000000000000000000000000000001",
              "0x0000000000000000000000000000000000000000000000000000000000000002"
            ]
          },
          {
            "TransferObjects": [
              [
                {
                  "Result": 0
                }
              ],
              {
                "Input": 0
              }
            ]
          }
        ]
      },
      "sender": "0xb7c3fff63ddde0174d510c5a03ffa2085e940536e2ff8806cb3475f4f6fd6027",
      "gasData": {
        "payment": [
          {
            "objectId": "0xa36c252499ff5f3ad47039ef4420c5318616c82a4461d28577f7dc31637de888",
            "version": 46,
            "digest": "3yXcaz8JwXbvLQoKUckHq6DVQZLoRNbL4qrWhQtTDGhC"
          }
        ],
        "owner": "0xb7c3fff63ddde0174d510c5a03ffa2085e940536e2ff8806cb3475f4f6fd6027",
        "price": "1000",
        "budget": "300000000"
      }
    },
    "txSignatures": [
      "AHdwPWtS9727S1a3oWx8xlHopvAmCsOZCkvYewrE0hiDDSf1inPyYlD70ooDZWCJV1d9dHhnMX55GHS2PSAslwrNCtfXqHBDVEC2qnz18uQQmf/iMJItW2KP+q8Ig0l/1w=="
    ]
  },
  "effects": {
    "messageVersion": "v1",
    "status": {
      "status": "success"
    },
    "executedEpoch": "109",
    "gasUsed": {
      "computationCost": "2480000",
      "storageCost": "272338400",
      "storageRebate": "978120",
      "nonRefundableStorageFee": "9880"
    },
    "modifiedAtVersions": [
      {
        "objectId": "0xa36c252499ff5f3ad47039ef4420c5318616c82a4461d28577f7dc31637de888",
        "sequenceNumber": "46"
      }
    ],
    "transactionDigest": "4hGceodt9dDfYwhLSjL3A9xvsfJctdbXYmfregLaH3Ew",
    "created": [
      {
        "owner": {
          "AddressOwner": "0xb7c3fff63ddde0174d510c5a03ffa2085e940536e2ff8806cb3475f4f6fd6027"
        },
        "reference": {
          "objectId": "0x1f54b24a15eee34a5a114ade50f60e23664f276608795f361fac7276d91cbf29",
          "version": 47,
          "digest": "5uR21phzVyH9fD9FCPogRu8j6NH8LJC6LrWET5jJu3D1"
        }
      },
      {
        "owner": {
          "AddressOwner": "0xb7c3fff63ddde0174d510c5a03ffa2085e940536e2ff8806cb3475f4f6fd6027"
        },
        "reference": {
          "objectId": "0x20c3062d4a85760459ac0bbf2bf3ef2bb0a33d01ae0b5c6031219f8b1956bc1a",
          "version": 47,
          "digest": "Ef551Xt4MgiRALvygQoNh5QwTvT8msUGqfWDfK8dEc5n"
        }
      },
      {
        "owner": {
          "Shared": {
            "initial_shared_version": 47
          }
        },
        "reference": {
          "objectId": "0x426998b8eac1806e4743da7c72e120b582ae76e543a52d8c15b891acddbe123c",
          "version": 47,
          "digest": "DTWkozeBHATrE8Jx7NwR4fV12dwnerk2QaxSf1royBy3"
        }
      },
      {
        "owner": {
          "Shared": {
            "initial_shared_version": 47
          }
        },
        "reference": {
          "objectId": "0x698a756e1ff5942ad8d899a28cad8f9e163c11551b97907f2117222456a69c3e",
          "version": 47,
          "digest": "29tYwChgmWCkGv4kFaef1LgQacYiVXR9dejsfzZSPXwF"
        }
      },
      {
        "owner": {
          "AddressOwner": "0xb7c3fff63ddde0174d510c5a03ffa2085e940536e2ff8806cb3475f4f6fd6027"
        },
        "reference": {
          "objectId": "0x83fb632d296da2f522ce0d9deca28e5019c01a26f9508dadba41cf56c4998353",
          "version": 47,
          "digest": "CHwoRQNBVU1Avi4U97SKCeioyPBjkrYzczHhSeuVamFY"
        }
      },
      {
        "owner": {
          "AddressOwner": "0xb7c3fff63ddde0174d510c5a03ffa2085e940536e2ff8806cb3475f4f6fd6027"
        },
        "reference": {
          "objectId": "0xa9aa7b887d8b574629adeb755ad72358c38f8db83c69ae48ae7d63ee7ccf555f",
          "version": 47,
          "digest": "AMoTKTCkYBatdM2GjAWX6Dz2MWhQempk6fS4yuwdNGuo"
        }
      },
      {
        "owner": {
          "AddressOwner": "0xb7c3fff63ddde0174d510c5a03ffa2085e940536e2ff8806cb3475f4f6fd6027"
        },
        "reference": {
          "objectId": "0xbd1a3bfb67d6440a76fba4673798e0e87ca697339946bcc75bf0a963d8570180",
          "version": 47,
          "digest": "F623fwwKY9Po1DqKRLSBX28Gm1SespJpyM6xW8GyFBfw"
        }
      },
      {
        "owner": {
          "Shared": {
            "initial_shared_version": 47
          }
        },
        "reference": {
          "objectId": "0xde4e4d5374bfd6d616adbbc28324d030d3b58c8ca2a42e16785d4f73004cc19e",
          "version": 47,
          "digest": "CFo1m3rAC1TxqR13wF2agTXTw1BoRiBjJgbok7S7xRz3"
        }
      },
      {
        "owner": {
          "AddressOwner": "0xb7c3fff63ddde0174d510c5a03ffa2085e940536e2ff8806cb3475f4f6fd6027"
        },
        "reference": {
          "objectId": "0xe74634a908883bd5c74029808fafda7e3a0f3698f1dc58518f437926feb35984",
          "version": 47,
          "digest": "3CXNq9f5EbAd5sor8WXP3KJ36iYtA7JKaukc2xfXo3oz"
        }
      },
      {
        "owner": "Immutable",
        "reference": {
          "objectId": "0xfcfde29271302732dfb87dd759f216411757c9fbf64ee6ce8850928b93f38dde",
          "version": 1,
          "digest": "632Em9tCYPXtVzh1XZr13J3ThCRgiuZ9RfgfaRSV1F57"
        }
      },
      {
        "owner": {
          "Shared": {
            "initial_shared_version": 47
          }
        },
        "reference": {
          "objectId": "0xff5125640a901a9aeb6e1cd58db017a901a51a5b2ffc15a5a3909d54cc2116ee",
          "version": 47,
          "digest": "E7zqXjHq2G6Bw3WqhUwSdCrqUZ6K5Pw3B6fEw9ipkuu6"
        }
      }
    ],
    "mutated": [
      {
        "owner": {
          "AddressOwner": "0xb7c3fff63ddde0174d510c5a03ffa2085e940536e2ff8806cb3475f4f6fd6027"
        },
        "reference": {
          "objectId": "0xa36c252499ff5f3ad47039ef4420c5318616c82a4461d28577f7dc31637de888",
          "version": 47,
          "digest": "413vVFPnPDWGW69gvUqf5DPMgoMUWBo3KGxiJRb5j4XR"
        }
      }
    ],
    "gasObject": {
      "owner": {
        "AddressOwner": "0xb7c3fff63ddde0174d510c5a03ffa2085e940536e2ff8806cb3475f4f6fd6027"
      },
      "reference": {
        "objectId": "0xa36c252499ff5f3ad47039ef4420c5318616c82a4461d28577f7dc31637de888",
        "version": 47,
        "digest": "413vVFPnPDWGW69gvUqf5DPMgoMUWBo3KGxiJRb5j4XR"
      }
    },
    "eventsDigest": "8FJb53J4HQG21KsaRNjjzZVsv7yeQfyA8vjfWRmkYWib",
    "dependencies": [
      "4wtBjZQjqX5PmfnDEf7VWHyDEAtjDzzefJRFAyq367nN",
      "GvkBNGLi4SaaiqosKEXhqm6UmkdPd67Ggzkia24wo3HL"
    ]
  },
  "events": [
    {
      "id": {
        "txDigest": "4hGceodt9dDfYwhLSjL3A9xvsfJctdbXYmfregLaH3Ew",
        "eventSeq": "0"
      },
      "packageId": "0xfcfde29271302732dfb87dd759f216411757c9fbf64ee6ce8850928b93f38dde",
      "transactionModule": "cuon_chun",
      "sender": "0xb7c3fff63ddde0174d510c5a03ffa2085e940536e2ff8806cb3475f4f6fd6027",
      "type": "0x2::display::DisplayCreated<0xfcfde29271302732dfb87dd759f216411757c9fbf64ee6ce8850928b93f38dde::cuon_chun::CuonChunNFT>",
      "parsedJson": {
        "id": "0xe74634a908883bd5c74029808fafda7e3a0f3698f1dc58518f437926feb35984"
      },
      "bcsEncoding": "base64",
      "bcs": "50Y0qQiIO9XHQCmAj6/afjoPNpjx3FhRj0N5Jv6zWYQ=",
      "timestampMs": "1778306818039"
    },
    {
      "id": {
        "txDigest": "4hGceodt9dDfYwhLSjL3A9xvsfJctdbXYmfregLaH3Ew",
        "eventSeq": "1"
      },
      "packageId": "0xfcfde29271302732dfb87dd759f216411757c9fbf64ee6ce8850928b93f38dde",
      "transactionModule": "cuon_chun",
      "sender": "0xb7c3fff63ddde0174d510c5a03ffa2085e940536e2ff8806cb3475f4f6fd6027",
      "type": "0x2::display::VersionUpdated<0xfcfde29271302732dfb87dd759f216411757c9fbf64ee6ce8850928b93f38dde::cuon_chun::CuonChunNFT>",
      "parsedJson": {
        "fields": {
          "contents": [
            {
              "key": "name",
              "value": "{name}"
            },
            {
              "key": "image_url",
              "value": "{image_url}"
            },
            {
              "key": "description",
              "value": "Cuon Chun SuiChin - Tier: {tier}"
            },
            {
              "key": "project_url",
              "value": "https://github.com/TrVHau/SuiChin-hackathon"
            }
          ]
        },
        "id": "0xe74634a908883bd5c74029808fafda7e3a0f3698f1dc58518f437926feb35984",
        "version": 1.0
      },
      "bcsEncoding": "base64",
      "bcs": "50Y0qQiIO9XHQCmAj6/afjoPNpjx3FhRj0N5Jv6zWYQBAAQEbmFtZQZ7bmFtZX0JaW1hZ2VfdXJsC3tpbWFnZV91cmx9C2Rlc2NyaXB0aW9uIEN1b24gQ2h1biBTdWlDaGluIC0gVGllcjoge3RpZXJ9C3Byb2plY3RfdXJsK2h0dHBzOi8vZ2l0aHViLmNvbS9UclZIYXUvU3VpQ2hpbi1oYWNrYXRob24=",
      "timestampMs": "1778306818039"
    }
  ],
  "objectChanges": [
    {
      "type": "created",
      "sender": "0xb7c3fff63ddde0174d510c5a03ffa2085e940536e2ff8806cb3475f4f6fd6027",
      "owner": {
        "AddressOwner": "0xb7c3fff63ddde0174d510c5a03ffa2085e940536e2ff8806cb3475f4f6fd6027"
      },
      "objectType": "0xfcfde29271302732dfb87dd759f216411757c9fbf64ee6ce8850928b93f38dde::nft_valuation_lobby_config::LobbyAdminCap",
      "objectId": "0x1f54b24a15eee34a5a114ade50f60e23664f276608795f361fac7276d91cbf29",
      "version": "47",
      "digest": "5uR21phzVyH9fD9FCPogRu8j6NH8LJC6LrWET5jJu3D1"
    },
    {
      "type": "created",
      "sender": "0xb7c3fff63ddde0174d510c5a03ffa2085e940536e2ff8806cb3475f4f6fd6027",
      "owner": {
        "AddressOwner": "0xb7c3fff63ddde0174d510c5a03ffa2085e940536e2ff8806cb3475f4f6fd6027"
      },
      "objectType": "0x2::package::UpgradeCap",
      "objectId": "0x20c3062d4a85760459ac0bbf2bf3ef2bb0a33d01ae0b5c6031219f8b1956bc1a",
      "version": "47",
      "digest": "Ef551Xt4MgiRALvygQoNh5QwTvT8msUGqfWDfK8dEc5n"
    },
    {
      "type": "created",
      "sender": "0xb7c3fff63ddde0174d510c5a03ffa2085e940536e2ff8806cb3475f4f6fd6027",
      "owner": {
        "Shared": {
          "initial_shared_version": 47
        }
      },
      "objectType": "0xfcfde29271302732dfb87dd759f216411757c9fbf64ee6ce8850928b93f38dde::craft_config::SystemConfig",
      "objectId": "0x426998b8eac1806e4743da7c72e120b582ae76e543a52d8c15b891acddbe123c",
      "version": "47",
      "digest": "DTWkozeBHATrE8Jx7NwR4fV12dwnerk2QaxSf1royBy3"
    },
    {
      "type": "created",
      "sender": "0xb7c3fff63ddde0174d510c5a03ffa2085e940536e2ff8806cb3475f4f6fd6027",
      "owner": {
        "Shared": {
          "initial_shared_version": 47
        }
      },
      "objectType": "0xfcfde29271302732dfb87dd759f216411757c9fbf64ee6ce8850928b93f38dde::marketplace::Market",
      "objectId": "0x698a756e1ff5942ad8d899a28cad8f9e163c11551b97907f2117222456a69c3e",
      "version": "47",
      "digest": "29tYwChgmWCkGv4kFaef1LgQacYiVXR9dejsfzZSPXwF"
    },
    {
      "type": "created",
      "sender": "0xb7c3fff63ddde0174d510c5a03ffa2085e940536e2ff8806cb3475f4f6fd6027",
      "owner": {
        "AddressOwner": "0xb7c3fff63ddde0174d510c5a03ffa2085e940536e2ff8806cb3475f4f6fd6027"
      },
      "objectType": "0xfcfde29271302732dfb87dd759f216411757c9fbf64ee6ce8850928b93f38dde::player_profile::MatchOracle",
      "objectId": "0x83fb632d296da2f522ce0d9deca28e5019c01a26f9508dadba41cf56c4998353",
      "version": "47",
      "digest": "CHwoRQNBVU1Avi4U97SKCeioyPBjkrYzczHhSeuVamFY"
    },
    {
      "type": "mutated",
      "sender": "0xb7c3fff63ddde0174d510c5a03ffa2085e940536e2ff8806cb3475f4f6fd6027",
      "owner": {
        "AddressOwner": "0xb7c3fff63ddde0174d510c5a03ffa2085e940536e2ff8806cb3475f4f6fd6027"
      },
      "objectType": "0x2::coin::Coin<0x2::sui::SUI>",
      "objectId": "0xa36c252499ff5f3ad47039ef4420c5318616c82a4461d28577f7dc31637de888",
      "version": "47",
      "previousVersion": "46",
      "digest": "413vVFPnPDWGW69gvUqf5DPMgoMUWBo3KGxiJRb5j4XR"
    },
    {
      "type": "created",
      "sender": "0xb7c3fff63ddde0174d510c5a03ffa2085e940536e2ff8806cb3475f4f6fd6027",
      "owner": {
        "AddressOwner": "0xb7c3fff63ddde0174d510c5a03ffa2085e940536e2ff8806cb3475f4f6fd6027"
      },
      "objectType": "0x2::package::Publisher",
      "objectId": "0xa9aa7b887d8b574629adeb755ad72358c38f8db83c69ae48ae7d63ee7ccf555f",
      "version": "47",
      "digest": "AMoTKTCkYBatdM2GjAWX6Dz2MWhQempk6fS4yuwdNGuo"
    },
    {
      "type": "created",
      "sender": "0xb7c3fff63ddde0174d510c5a03ffa2085e940536e2ff8806cb3475f4f6fd6027",
      "owner": {
        "AddressOwner": "0xb7c3fff63ddde0174d510c5a03ffa2085e940536e2ff8806cb3475f4f6fd6027"
      },
      "objectType": "0xfcfde29271302732dfb87dd759f216411757c9fbf64ee6ce8850928b93f38dde::craft_config::CraftAdminCap",
      "objectId": "0xbd1a3bfb67d6440a76fba4673798e0e87ca697339946bcc75bf0a963d8570180",
      "version": "47",
      "digest": "F623fwwKY9Po1DqKRLSBX28Gm1SespJpyM6xW8GyFBfw"
    },
    {
      "type": "created",
      "sender": "0xb7c3fff63ddde0174d510c5a03ffa2085e940536e2ff8806cb3475f4f6fd6027",
      "owner": {
        "Shared": {
          "initial_shared_version": 47
        }
      },
      "objectType": "0xfcfde29271302732dfb87dd759f216411757c9fbf64ee6ce8850928b93f38dde::nft_valuation_lobby_config::LobbyConfig",
      "objectId": "0xde4e4d5374bfd6d616adbbc28324d030d3b58c8ca2a42e16785d4f73004cc19e",
      "version": "47",
      "digest": "CFo1m3rAC1TxqR13wF2agTXTw1BoRiBjJgbok7S7xRz3"
    },
    {
      "type": "created",
      "sender": "0xb7c3fff63ddde0174d510c5a03ffa2085e940536e2ff8806cb3475f4f6fd6027",
      "owner": {
        "AddressOwner": "0xb7c3fff63ddde0174d510c5a03ffa2085e940536e2ff8806cb3475f4f6fd6027"
      },
      "objectType": "0x2::display::Display<0xfcfde29271302732dfb87dd759f216411757c9fbf64ee6ce8850928b93f38dde::cuon_chun::CuonChunNFT>",
      "objectId": "0xe74634a908883bd5c74029808fafda7e3a0f3698f1dc58518f437926feb35984",
      "version": "47",
      "digest": "3CXNq9f5EbAd5sor8WXP3KJ36iYtA7JKaukc2xfXo3oz"
    },
    {
      "type": "published",
      "packageId": "0xfcfde29271302732dfb87dd759f216411757c9fbf64ee6ce8850928b93f38dde",
      "version": "1",
      "digest": "632Em9tCYPXtVzh1XZr13J3ThCRgiuZ9RfgfaRSV1F57",
      "modules": [
        "achievement",
        "craft",
        "craft_actions",
        "craft_config",
        "craft_treasury",
        "cuon_chun",
        "marketplace",
        "nft_valuation_lobby",
        "nft_valuation_lobby_config",
        "player_profile",
        "scrap",
        "trade_up"
      ]
    },
    {
      "type": "created",
      "sender": "0xb7c3fff63ddde0174d510c5a03ffa2085e940536e2ff8806cb3475f4f6fd6027",
      "owner": {
        "Shared": {
          "initial_shared_version": 47
        }
      },
      "objectType": "0xfcfde29271302732dfb87dd759f216411757c9fbf64ee6ce8850928b93f38dde::craft_treasury::Treasury",
      "objectId": "0xff5125640a901a9aeb6e1cd58db017a901a51a5b2ffc15a5a3909d54cc2116ee",
      "version": "47",
      "digest": "E7zqXjHq2G6Bw3WqhUwSdCrqUZ6K5Pw3B6fEw9ipkuu6"
    }
  ],
  "balanceChanges": [
    {
      "owner": {
        "AddressOwner": "0xb7c3fff63ddde0174d510c5a03ffa2085e940536e2ff8806cb3475f4f6fd6027"
      },
      "coinType": "0x2::sui::SUI",
      "amount": "-273840280"
    }
  ],
  "timestampMs": "1778306818039",
  "checkpoint": "1883414"
}
